<?xml version="1.0" encoding="UTF-8"?>
<!-- Generated by org.testng.reporters.JUnitReportReporter -->
<testsuite hostname="KEN" failures="0" tests="2" name="Acadamy.E2EProject.HomePage" time="20.881" errors="0" timestamp="2022-07-31T17:55:14 IST" skipped="0">
  <testcase classname="Acadamy.E2EProject.HomePage" name="basePageNavigation" time="12.695"/>
  <system-out/>
  <testcase classname="Acadamy.E2EProject.HomePage" name="basePageNavigation" time="8.186"/>
  <system-out/>
</testsuite> <!-- Acadamy.E2EProject.HomePage -->
