<?xml version="1.0" encoding="UTF-8"?>
<!-- Generated by org.testng.reporters.JUnitReportReporter -->
<testsuite hostname="KEN" failures="0" tests="1" name="Acadamy.E2EProject.ValidateTitle" time="8.324" errors="0" timestamp="2022-07-28T21:45:41 IST" skipped="0">
  <testcase classname="Acadamy.E2EProject.ValidateTitle" name="ValidateTitle" time="8.324"/>
  <system-out/>
</testsuite> <!-- Acadamy.E2EProject.ValidateTitle -->
