<?xml version="1.0" encoding="UTF-8"?>
<!-- Generated by org.testng.reporters.JUnitReportReporter -->
<testsuite hostname="KEN" failures="0" tests="1" name="Acadamy.E2EProject.ValidateLinks" time="0.070" errors="0" timestamp="2022-07-31T17:55:14 IST" skipped="0">
  <testcase classname="Acadamy.E2EProject.ValidateLinks" name="HomepageLinks" time="0.070"/>
  <system-out/>
</testsuite> <!-- Acadamy.E2EProject.ValidateLinks -->
